This file contains any messages produced by compilers while
running configure, to aid debugging if configure makes a mistake.

It was created by audacious-audacious-alt-plugins configure 0.0, which was
generated by GNU Autoconf 2.69.  Invocation command line was

  $ ./configure --prefix=/usr

## --------- ##
## Platform. ##
## --------- ##

hostname = andrey-Inspiron-7520
uname -m = x86_64
uname -r = 3.13.0-30-generic
uname -s = Linux
uname -v = #54-Ubuntu SMP Mon Jun 9 22:45:01 UTC 2014

/usr/bin/uname -p = unknown
/bin/uname -X     = unknown

/bin/arch              = unknown
/usr/bin/arch -k       = unknown
/usr/convex/getsysinfo = unknown
/usr/bin/hostinfo      = unknown
/bin/machine           = unknown
/usr/bin/oslevel       = unknown
/bin/universe          = unknown

PATH: /usr/local/sbin
PATH: /usr/local/bin
PATH: /usr/sbin
PATH: /usr/bin
PATH: /sbin
PATH: /bin
PATH: /usr/games
PATH: /usr/local/games


## ----------- ##
## Core tests. ##
## ----------- ##

configure:2541: checking for a BSD-compatible install
configure:2609: result: /usr/bin/install -c
configure:2620: checking whether build environment is sane
configure:2675: result: yes
configure:2826: checking for a thread-safe mkdir -p
configure:2865: result: /bin/mkdir -p
configure:2872: checking for gawk
configure:2902: result: no
configure:2872: checking for mawk
configure:2888: found /usr/bin/mawk
configure:2899: result: mawk
configure:2910: checking whether make sets $(MAKE)
configure:2932: result: yes
configure:2961: checking whether make supports nested variables
configure:2978: result: yes
configure:3145: checking build system type
configure:3159: result: x86_64-unknown-linux-gnu
configure:3179: checking host system type
configure:3192: result: x86_64-unknown-linux-gnu
configure:3233: checking how to print strings
configure:3260: result: printf
configure:3293: checking for style of include used by make
configure:3321: result: GNU
configure:3392: checking for gcc
configure:3408: found /usr/bin/gcc
configure:3419: result: gcc
configure:3648: checking for C compiler version
configure:3657: gcc --version >&5
gcc (Ubuntu 4.8.2-19ubuntu1) 4.8.2
Copyright (C) 2013 Free Software Foundation, Inc.
This is free software; see the source for copying conditions.  There is NO
warranty; not even for MERCHANTABILITY or FITNESS FOR A PARTICULAR PURPOSE.

configure:3668: $? = 0
configure:3657: gcc -v >&5
Using built-in specs.
COLLECT_GCC=gcc
COLLECT_LTO_WRAPPER=/usr/lib/gcc/x86_64-linux-gnu/4.8/lto-wrapper
Target: x86_64-linux-gnu
Configured with: ../src/configure -v --with-pkgversion='Ubuntu 4.8.2-19ubuntu1' --with-bugurl=file:///usr/share/doc/gcc-4.8/README.Bugs --enable-languages=c,c++,java,go,d,fortran,objc,obj-c++ --prefix=/usr --program-suffix=-4.8 --enable-shared --enable-linker-build-id --libexecdir=/usr/lib --without-included-gettext --enable-threads=posix --with-gxx-include-dir=/usr/include/c++/4.8 --libdir=/usr/lib --enable-nls --with-sysroot=/ --enable-clocale=gnu --enable-libstdcxx-debug --enable-libstdcxx-time=yes --enable-gnu-unique-object --disable-libmudflap --enable-plugin --with-system-zlib --disable-browser-plugin --enable-java-awt=gtk --enable-gtk-cairo --with-java-home=/usr/lib/jvm/java-1.5.0-gcj-4.8-amd64/jre --enable-java-home --with-jvm-root-dir=/usr/lib/jvm/java-1.5.0-gcj-4.8-amd64 --with-jvm-jar-dir=/usr/lib/jvm-exports/java-1.5.0-gcj-4.8-amd64 --with-arch-directory=amd64 --with-ecj-jar=/usr/share/java/eclipse-ecj.jar --enable-objc-gc --enable-multiarch --disable-werror --with-arch-32=i686 --with-abi=m64 --with-multilib-list=m32,m64,mx32 --with-tune=generic --enable-checking=release --build=x86_64-linux-gnu --host=x86_64-linux-gnu --target=x86_64-linux-gnu
Thread model: posix
gcc version 4.8.2 (Ubuntu 4.8.2-19ubuntu1) 
configure:3668: $? = 0
configure:3657: gcc -V >&5
gcc: error: unrecognized command line option '-V'
gcc: fatal error: no input files
compilation terminated.
configure:3668: $? = 4
configure:3657: gcc -qversion >&5
gcc: error: unrecognized command line option '-qversion'
gcc: fatal error: no input files
compilation terminated.
configure:3668: $? = 4
configure:3688: checking whether the C compiler works
configure:3710: gcc    conftest.c  >&5
configure:3714: $? = 0
configure:3762: result: yes
configure:3765: checking for C compiler default output file name
configure:3767: result: a.out
configure:3773: checking for suffix of executables
configure:3780: gcc -o conftest    conftest.c  >&5
configure:3784: $? = 0
configure:3806: result: 
configure:3828: checking whether we are cross compiling
configure:3836: gcc -o conftest    conftest.c  >&5
configure:3840: $? = 0
configure:3847: ./conftest
configure:3851: $? = 0
configure:3866: result: no
configure:3871: checking for suffix of object files
configure:3893: gcc -c   conftest.c >&5
configure:3897: $? = 0
configure:3918: result: o
configure:3922: checking whether we are using the GNU C compiler
configure:3941: gcc -c   conftest.c >&5
configure:3941: $? = 0
configure:3950: result: yes
configure:3959: checking whether gcc accepts -g
configure:3979: gcc -c -g  conftest.c >&5
configure:3979: $? = 0
configure:4020: result: yes
configure:4037: checking for gcc option to accept ISO C89
configure:4100: gcc  -c -g -O2  conftest.c >&5
configure:4100: $? = 0
configure:4113: result: none needed
configure:4138: checking whether gcc understands -c and -o together
configure:4160: gcc -c conftest.c -o conftest2.o
configure:4163: $? = 0
configure:4160: gcc -c conftest.c -o conftest2.o
configure:4163: $? = 0
configure:4175: result: yes
configure:4194: checking dependency style of gcc
configure:4305: result: gcc3
configure:4320: checking for a sed that does not truncate output
configure:4384: result: /bin/sed
configure:4402: checking for grep that handles long lines and -e
configure:4460: result: /bin/grep
configure:4465: checking for egrep
configure:4527: result: /bin/grep -E
configure:4532: checking for fgrep
configure:4594: result: /bin/grep -F
configure:4629: checking for ld used by gcc
configure:4696: result: /usr/bin/ld
configure:4703: checking if the linker (/usr/bin/ld) is GNU ld
configure:4718: result: yes
configure:4730: checking for BSD- or MS-compatible name lister (nm)
configure:4779: result: /usr/bin/nm -B
configure:4909: checking the name lister (/usr/bin/nm -B) interface
configure:4916: gcc -c -g -O2  conftest.c >&5
configure:4919: /usr/bin/nm -B "conftest.o"
configure:4922: output
0000000000000000 B some_variable
configure:4929: result: BSD nm
configure:4932: checking whether ln -s works
configure:4936: result: yes
configure:4944: checking the maximum length of command line arguments
configure:5075: result: 1572864
configure:5092: checking whether the shell understands some XSI constructs
configure:5102: result: yes
configure:5106: checking whether the shell understands "+="
configure:5112: result: yes
configure:5147: checking how to convert x86_64-unknown-linux-gnu file names to x86_64-unknown-linux-gnu format
configure:5187: result: func_convert_file_noop
configure:5194: checking how to convert x86_64-unknown-linux-gnu file names to toolchain format
configure:5214: result: func_convert_file_noop
configure:5221: checking for /usr/bin/ld option to reload object files
configure:5228: result: -r
configure:5302: checking for objdump
configure:5318: found /usr/bin/objdump
configure:5329: result: objdump
configure:5361: checking how to recognize dependent libraries
configure:5559: result: pass_all
configure:5644: checking for dlltool
configure:5674: result: no
configure:5704: checking how to associate runtime and link libraries
configure:5731: result: printf %s\n
configure:5792: checking for ar
configure:5808: found /usr/bin/ar
configure:5819: result: ar
configure:5856: checking for archiver @FILE support
configure:5873: gcc -c -g -O2  conftest.c >&5
configure:5873: $? = 0
configure:5876: ar cru libconftest.a @conftest.lst >&5
configure:5879: $? = 0
configure:5884: ar cru libconftest.a @conftest.lst >&5
ar: conftest.o: No such file or directory
configure:5887: $? = 1
configure:5899: result: @
configure:5957: checking for strip
configure:5973: found /usr/bin/strip
configure:5984: result: strip
configure:6056: checking for ranlib
configure:6072: found /usr/bin/ranlib
configure:6083: result: ranlib
configure:6185: checking command to parse /usr/bin/nm -B output from gcc object
configure:6305: gcc -c -g -O2  conftest.c >&5
configure:6308: $? = 0
configure:6312: /usr/bin/nm -B conftest.o \| sed -n -e 's/^.*[ ]\([ABCDGIRSTW][ABCDGIRSTW]*\)[ ][ ]*\([_A-Za-z][_A-Za-z0-9]*\)$/\1 \2 \2/p' | sed '/ __gnu_lto/d' \> conftest.nm
configure:6315: $? = 0
configure:6381: gcc -o conftest -g -O2   conftest.c conftstm.o >&5
configure:6384: $? = 0
configure:6422: result: ok
configure:6459: checking for sysroot
configure:6489: result: no
configure:6566: gcc -c -g -O2  conftest.c >&5
configure:6569: $? = 0
configure:6758: checking for mt
configure:6774: found /bin/mt
configure:6785: result: mt
configure:6808: checking if mt is a manifest tool
configure:6814: mt '-?'
configure:6822: result: no
configure:7464: checking how to run the C preprocessor
configure:7495: gcc -E  conftest.c
configure:7495: $? = 0
configure:7509: gcc -E  conftest.c
conftest.c:13:28: fatal error: ac_nonexistent.h: No such file or directory
 #include <ac_nonexistent.h>
                            ^
compilation terminated.
configure:7509: $? = 1
configure: failed program was:
| /* confdefs.h */
| #define PACKAGE_NAME "audacious-audacious-alt-plugins"
| #define PACKAGE_TARNAME "audacious-audacious-alt-plugins"
| #define PACKAGE_VERSION "0.0"
| #define PACKAGE_STRING "audacious-audacious-alt-plugins 0.0"
| #define PACKAGE_BUGREPORT "andrey@delfa.net"
| #define PACKAGE_URL ""
| #define PACKAGE "audacious-audacious-alt-plugins"
| #define VERSION "0.0"
| #define PACKAGE "audacious-audacious-alt-plugins"
| #define VERSION "0.0"
| /* end confdefs.h.  */
| #include <ac_nonexistent.h>
configure:7534: result: gcc -E
configure:7554: gcc -E  conftest.c
configure:7554: $? = 0
configure:7568: gcc -E  conftest.c
conftest.c:13:28: fatal error: ac_nonexistent.h: No such file or directory
 #include <ac_nonexistent.h>
                            ^
compilation terminated.
configure:7568: $? = 1
configure: failed program was:
| /* confdefs.h */
| #define PACKAGE_NAME "audacious-audacious-alt-plugins"
| #define PACKAGE_TARNAME "audacious-audacious-alt-plugins"
| #define PACKAGE_VERSION "0.0"
| #define PACKAGE_STRING "audacious-audacious-alt-plugins 0.0"
| #define PACKAGE_BUGREPORT "andrey@delfa.net"
| #define PACKAGE_URL ""
| #define PACKAGE "audacious-audacious-alt-plugins"
| #define VERSION "0.0"
| #define PACKAGE "audacious-audacious-alt-plugins"
| #define VERSION "0.0"
| /* end confdefs.h.  */
| #include <ac_nonexistent.h>
configure:7597: checking for ANSI C header files
configure:7617: gcc -c -g -O2  conftest.c >&5
configure:7617: $? = 0
configure:7690: gcc -o conftest -g -O2   conftest.c  >&5
configure:7690: $? = 0
configure:7690: ./conftest
configure:7690: $? = 0
configure:7701: result: yes
configure:7714: checking for sys/types.h
configure:7714: gcc -c -g -O2  conftest.c >&5
configure:7714: $? = 0
configure:7714: result: yes
configure:7714: checking for sys/stat.h
configure:7714: gcc -c -g -O2  conftest.c >&5
configure:7714: $? = 0
configure:7714: result: yes
configure:7714: checking for stdlib.h
configure:7714: gcc -c -g -O2  conftest.c >&5
configure:7714: $? = 0
configure:7714: result: yes
configure:7714: checking for string.h
configure:7714: gcc -c -g -O2  conftest.c >&5
configure:7714: $? = 0
configure:7714: result: yes
configure:7714: checking for memory.h
configure:7714: gcc -c -g -O2  conftest.c >&5
configure:7714: $? = 0
configure:7714: result: yes
configure:7714: checking for strings.h
configure:7714: gcc -c -g -O2  conftest.c >&5
configure:7714: $? = 0
configure:7714: result: yes
configure:7714: checking for inttypes.h
configure:7714: gcc -c -g -O2  conftest.c >&5
configure:7714: $? = 0
configure:7714: result: yes
configure:7714: checking for stdint.h
configure:7714: gcc -c -g -O2  conftest.c >&5
configure:7714: $? = 0
configure:7714: result: yes
configure:7714: checking for unistd.h
configure:7714: gcc -c -g -O2  conftest.c >&5
configure:7714: $? = 0
configure:7714: result: yes
configure:7728: checking for dlfcn.h
configure:7728: gcc -c -g -O2  conftest.c >&5
configure:7728: $? = 0
configure:7728: result: yes
configure:7933: checking for objdir
configure:7948: result: .libs
configure:8215: checking if gcc supports -fno-rtti -fno-exceptions
configure:8233: gcc -c -g -O2  -fno-rtti -fno-exceptions conftest.c >&5
cc1: warning: command line option '-fno-rtti' is valid for C++/ObjC++ but not for C [enabled by default]
configure:8237: $? = 0
configure:8250: result: no
configure:8577: checking for gcc option to produce PIC
configure:8584: result: -fPIC -DPIC
configure:8592: checking if gcc PIC flag -fPIC -DPIC works
configure:8610: gcc -c -g -O2  -fPIC -DPIC -DPIC conftest.c >&5
configure:8614: $? = 0
configure:8627: result: yes
configure:8656: checking if gcc static flag -static works
configure:8684: result: yes
configure:8699: checking if gcc supports -c -o file.o
configure:8720: gcc -c -g -O2  -o out/conftest2.o conftest.c >&5
configure:8724: $? = 0
configure:8746: result: yes
configure:8754: checking if gcc supports -c -o file.o
configure:8801: result: yes
configure:8834: checking whether the gcc linker (/usr/bin/ld -m elf_x86_64) supports shared libraries
configure:9991: result: yes
configure:10028: checking whether -lc should be explicitly linked in
configure:10036: gcc -c -g -O2  conftest.c >&5
configure:10039: $? = 0
configure:10054: gcc -shared  -fPIC -DPIC conftest.o  -v -Wl,-soname -Wl,conftest -o conftest 2\>\&1 \| /bin/grep  -lc  \>/dev/null 2\>\&1
configure:10057: $? = 0
configure:10071: result: no
configure:10231: checking dynamic linker characteristics
configure:10731: gcc -o conftest -g -O2   -Wl,-rpath -Wl,/foo conftest.c  >&5
configure:10731: $? = 0
configure:10965: result: GNU/Linux ld.so
configure:11072: checking how to hardcode library paths into programs
configure:11097: result: immediate
configure:11637: checking whether stripping libraries is possible
configure:11642: result: yes
configure:11677: checking if libtool supports shared libraries
configure:11679: result: yes
configure:11682: checking whether to build shared libraries
configure:11703: result: yes
configure:11706: checking whether to build static libraries
configure:11710: result: no
configure:11801: checking for pkg-config
configure:11819: found /usr/bin/pkg-config
configure:11831: result: /usr/bin/pkg-config
configure:11856: checking pkg-config is at least version 0.9.0
configure:11859: result: yes
configure:11869: checking for DEPS
configure:11876: $PKG_CONFIG --exists --print-errors "glib-2.0 audacious >= 3.4"
configure:11879: $? = 0
configure:11893: $PKG_CONFIG --exists --print-errors "glib-2.0 audacious >= 3.4"
configure:11896: $? = 0
configure:11936: result: yes
configure:11938: glib-2.0 and audacious 3.4 are found
configure:11944: checking for MACLIB
configure:11951: $PKG_CONFIG --exists --print-errors "maclib >= 4.11.0"
configure:11954: $? = 0
configure:11968: $PKG_CONFIG --exists --print-errors "maclib >= 4.11.0"
configure:11971: $? = 0
configure:12011: result: yes
configure:12013: maclib 4.11 are found
configure:12021: checking for gcc option to accept ISO C99
configure:12170: gcc  -c -g -O2  conftest.c >&5
conftest.c:75:29: error: expected ';', ',' or ')' before 'text'
 test_restrict (ccp restrict text)
                             ^
conftest.c: In function 'main':
conftest.c:129:18: error: expected '=', ',', ';', 'asm' or '__attribute__' before 'newvar'
   char *restrict newvar = "Another string";
                  ^
conftest.c:129:18: error: 'newvar' undeclared (first use in this function)
conftest.c:129:18: note: each undeclared identifier is reported only once for each function it appears in
conftest.c:139:3: error: 'for' loop initial declarations are only allowed in C99 mode
   for (int i = 0; i < ia->datasize; ++i)
   ^
conftest.c:139:3: note: use option -std=c99 or -std=gnu99 to compile your code
configure:12170: $? = 1
configure: failed program was:
| /* confdefs.h */
| #define PACKAGE_NAME "audacious-audacious-alt-plugins"
| #define PACKAGE_TARNAME "audacious-audacious-alt-plugins"
| #define PACKAGE_VERSION "0.0"
| #define PACKAGE_STRING "audacious-audacious-alt-plugins 0.0"
| #define PACKAGE_BUGREPORT "andrey@delfa.net"
| #define PACKAGE_URL ""
| #define PACKAGE "audacious-audacious-alt-plugins"
| #define VERSION "0.0"
| #define PACKAGE "audacious-audacious-alt-plugins"
| #define VERSION "0.0"
| #define STDC_HEADERS 1
| #define HAVE_SYS_TYPES_H 1
| #define HAVE_SYS_STAT_H 1
| #define HAVE_STDLIB_H 1
| #define HAVE_STRING_H 1
| #define HAVE_MEMORY_H 1
| #define HAVE_STRINGS_H 1
| #define HAVE_INTTYPES_H 1
| #define HAVE_STDINT_H 1
| #define HAVE_UNISTD_H 1
| #define HAVE_DLFCN_H 1
| #define LT_OBJDIR ".libs/"
| /* end confdefs.h.  */
| #include <stdarg.h>
| #include <stdbool.h>
| #include <stdlib.h>
| #include <wchar.h>
| #include <stdio.h>
| 
| // Check varargs macros.  These examples are taken from C99 6.10.3.5.
| #define debug(...) fprintf (stderr, __VA_ARGS__)
| #define showlist(...) puts (#__VA_ARGS__)
| #define report(test,...) ((test) ? puts (#test) : printf (__VA_ARGS__))
| static void
| test_varargs_macros (void)
| {
|   int x = 1234;
|   int y = 5678;
|   debug ("Flag");
|   debug ("X = %d\n", x);
|   showlist (The first, second, and third items.);
|   report (x>y, "x is %d but y is %d", x, y);
| }
| 
| // Check long long types.
| #define BIG64 18446744073709551615ull
| #define BIG32 4294967295ul
| #define BIG_OK (BIG64 / BIG32 == 4294967297ull && BIG64 % BIG32 == 0)
| #if !BIG_OK
|   your preprocessor is broken;
| #endif
| #if BIG_OK
| #else
|   your preprocessor is broken;
| #endif
| static long long int bignum = -9223372036854775807LL;
| static unsigned long long int ubignum = BIG64;
| 
| struct incomplete_array
| {
|   int datasize;
|   double data[];
| };
| 
| struct named_init {
|   int number;
|   const wchar_t *name;
|   double average;
| };
| 
| typedef const char *ccp;
| 
| static inline int
| test_restrict (ccp restrict text)
| {
|   // See if C++-style comments work.
|   // Iterate through items via the restricted pointer.
|   // Also check for declarations in for loops.
|   for (unsigned int i = 0; *(text+i) != '\0'; ++i)
|     continue;
|   return 0;
| }
| 
| // Check varargs and va_copy.
| static void
| test_varargs (const char *format, ...)
| {
|   va_list args;
|   va_start (args, format);
|   va_list args_copy;
|   va_copy (args_copy, args);
| 
|   const char *str;
|   int number;
|   float fnumber;
| 
|   while (*format)
|     {
|       switch (*format++)
| 	{
| 	case 's': // string
| 	  str = va_arg (args_copy, const char *);
| 	  break;
| 	case 'd': // int
| 	  number = va_arg (args_copy, int);
| 	  break;
| 	case 'f': // float
| 	  fnumber = va_arg (args_copy, double);
| 	  break;
| 	default:
| 	  break;
| 	}
|     }
|   va_end (args_copy);
|   va_end (args);
| }
| 
| int
| main ()
| {
| 
|   // Check bool.
|   _Bool success = false;
| 
|   // Check restrict.
|   if (test_restrict ("String literal") == 0)
|     success = true;
|   char *restrict newvar = "Another string";
| 
|   // Check varargs.
|   test_varargs ("s, d' f .", "string", 65, 34.234);
|   test_varargs_macros ();
| 
|   // Check flexible array members.
|   struct incomplete_array *ia =
|     malloc (sizeof (struct incomplete_array) + (sizeof (double) * 10));
|   ia->datasize = 10;
|   for (int i = 0; i < ia->datasize; ++i)
|     ia->data[i] = i * 1.234;
| 
|   // Check named initializers.
|   struct named_init ni = {
|     .number = 34,
|     .name = L"Test wide string",
|     .average = 543.34343,
|   };
| 
|   ni.number = 58;
| 
|   int dynamic_array[ni.number];
|   dynamic_array[ni.number - 1] = 543;
| 
|   // work around unused variable warnings
|   return (!success || bignum == 0LL || ubignum == 0uLL || newvar[0] == 'x'
| 	  || dynamic_array[ni.number - 1] != 543);
| 
|   ;
|   return 0;
| }
configure:12170: gcc -std=gnu99 -c -g -O2  conftest.c >&5
configure:12170: $? = 0
configure:12190: result: -std=gnu99
configure:12256: checking for g++
configure:12272: found /usr/bin/g++
configure:12283: result: g++
configure:12310: checking for C++ compiler version
configure:12319: g++ --version >&5
g++ (Ubuntu 4.8.2-19ubuntu1) 4.8.2
Copyright (C) 2013 Free Software Foundation, Inc.
This is free software; see the source for copying conditions.  There is NO
warranty; not even for MERCHANTABILITY or FITNESS FOR A PARTICULAR PURPOSE.

configure:12330: $? = 0
configure:12319: g++ -v >&5
Using built-in specs.
COLLECT_GCC=g++
COLLECT_LTO_WRAPPER=/usr/lib/gcc/x86_64-linux-gnu/4.8/lto-wrapper
Target: x86_64-linux-gnu
Configured with: ../src/configure -v --with-pkgversion='Ubuntu 4.8.2-19ubuntu1' --with-bugurl=file:///usr/share/doc/gcc-4.8/README.Bugs --enable-languages=c,c++,java,go,d,fortran,objc,obj-c++ --prefix=/usr --program-suffix=-4.8 --enable-shared --enable-linker-build-id --libexecdir=/usr/lib --without-included-gettext --enable-threads=posix --with-gxx-include-dir=/usr/include/c++/4.8 --libdir=/usr/lib --enable-nls --with-sysroot=/ --enable-clocale=gnu --enable-libstdcxx-debug --enable-libstdcxx-time=yes --enable-gnu-unique-object --disable-libmudflap --enable-plugin --with-system-zlib --disable-browser-plugin --enable-java-awt=gtk --enable-gtk-cairo --with-java-home=/usr/lib/jvm/java-1.5.0-gcj-4.8-amd64/jre --enable-java-home --with-jvm-root-dir=/usr/lib/jvm/java-1.5.0-gcj-4.8-amd64 --with-jvm-jar-dir=/usr/lib/jvm-exports/java-1.5.0-gcj-4.8-amd64 --with-arch-directory=amd64 --with-ecj-jar=/usr/share/java/eclipse-ecj.jar --enable-objc-gc --enable-multiarch --disable-werror --with-arch-32=i686 --with-abi=m64 --with-multilib-list=m32,m64,mx32 --with-tune=generic --enable-checking=release --build=x86_64-linux-gnu --host=x86_64-linux-gnu --target=x86_64-linux-gnu
Thread model: posix
gcc version 4.8.2 (Ubuntu 4.8.2-19ubuntu1) 
configure:12330: $? = 0
configure:12319: g++ -V >&5
g++: error: unrecognized command line option '-V'
g++: fatal error: no input files
compilation terminated.
configure:12330: $? = 4
configure:12319: g++ -qversion >&5
g++: error: unrecognized command line option '-qversion'
g++: fatal error: no input files
compilation terminated.
configure:12330: $? = 4
configure:12334: checking whether we are using the GNU C++ compiler
configure:12353: g++ -c   conftest.cpp >&5
configure:12353: $? = 0
configure:12362: result: yes
configure:12371: checking whether g++ accepts -g
configure:12391: g++ -c -g  conftest.cpp >&5
configure:12391: $? = 0
configure:12432: result: yes
configure:12457: checking dependency style of g++
configure:12568: result: gcc3
configure:12601: checking how to run the C++ preprocessor
configure:12628: g++ -E  conftest.cpp
configure:12628: $? = 0
configure:12642: g++ -E  conftest.cpp
conftest.cpp:25:28: fatal error: ac_nonexistent.h: No such file or directory
 #include <ac_nonexistent.h>
                            ^
compilation terminated.
configure:12642: $? = 1
configure: failed program was:
| /* confdefs.h */
| #define PACKAGE_NAME "audacious-audacious-alt-plugins"
| #define PACKAGE_TARNAME "audacious-audacious-alt-plugins"
| #define PACKAGE_VERSION "0.0"
| #define PACKAGE_STRING "audacious-audacious-alt-plugins 0.0"
| #define PACKAGE_BUGREPORT "andrey@delfa.net"
| #define PACKAGE_URL ""
| #define PACKAGE "audacious-audacious-alt-plugins"
| #define VERSION "0.0"
| #define PACKAGE "audacious-audacious-alt-plugins"
| #define VERSION "0.0"
| #define STDC_HEADERS 1
| #define HAVE_SYS_TYPES_H 1
| #define HAVE_SYS_STAT_H 1
| #define HAVE_STDLIB_H 1
| #define HAVE_STRING_H 1
| #define HAVE_MEMORY_H 1
| #define HAVE_STRINGS_H 1
| #define HAVE_INTTYPES_H 1
| #define HAVE_STDINT_H 1
| #define HAVE_UNISTD_H 1
| #define HAVE_DLFCN_H 1
| #define LT_OBJDIR ".libs/"
| /* end confdefs.h.  */
| #include <ac_nonexistent.h>
configure:12667: result: g++ -E
configure:12687: g++ -E  conftest.cpp
configure:12687: $? = 0
configure:12701: g++ -E  conftest.cpp
conftest.cpp:25:28: fatal error: ac_nonexistent.h: No such file or directory
 #include <ac_nonexistent.h>
                            ^
compilation terminated.
configure:12701: $? = 1
configure: failed program was:
| /* confdefs.h */
| #define PACKAGE_NAME "audacious-audacious-alt-plugins"
| #define PACKAGE_TARNAME "audacious-audacious-alt-plugins"
| #define PACKAGE_VERSION "0.0"
| #define PACKAGE_STRING "audacious-audacious-alt-plugins 0.0"
| #define PACKAGE_BUGREPORT "andrey@delfa.net"
| #define PACKAGE_URL ""
| #define PACKAGE "audacious-audacious-alt-plugins"
| #define VERSION "0.0"
| #define PACKAGE "audacious-audacious-alt-plugins"
| #define VERSION "0.0"
| #define STDC_HEADERS 1
| #define HAVE_SYS_TYPES_H 1
| #define HAVE_SYS_STAT_H 1
| #define HAVE_STDLIB_H 1
| #define HAVE_STRING_H 1
| #define HAVE_MEMORY_H 1
| #define HAVE_STRINGS_H 1
| #define HAVE_INTTYPES_H 1
| #define HAVE_STDINT_H 1
| #define HAVE_UNISTD_H 1
| #define HAVE_DLFCN_H 1
| #define LT_OBJDIR ".libs/"
| /* end confdefs.h.  */
| #include <ac_nonexistent.h>
configure:12870: checking for ld used by g++
configure:12937: result: /usr/bin/ld -m elf_x86_64
configure:12944: checking if the linker (/usr/bin/ld -m elf_x86_64) is GNU ld
configure:12959: result: yes
configure:13014: checking whether the g++ linker (/usr/bin/ld -m elf_x86_64) supports shared libraries
configure:14016: result: yes
configure:14052: g++ -c -g -O2  conftest.cpp >&5
configure:14055: $? = 0
configure:14575: checking for g++ option to produce PIC
configure:14582: result: -fPIC -DPIC
configure:14590: checking if g++ PIC flag -fPIC -DPIC works
configure:14608: g++ -c -g -O2  -fPIC -DPIC -DPIC conftest.cpp >&5
configure:14612: $? = 0
configure:14625: result: yes
configure:14648: checking if g++ static flag -static works
configure:14676: result: yes
configure:14688: checking if g++ supports -c -o file.o
configure:14709: g++ -c -g -O2  -o out/conftest2.o conftest.cpp >&5
configure:14713: $? = 0
configure:14735: result: yes
configure:14740: checking if g++ supports -c -o file.o
configure:14787: result: yes
configure:14817: checking whether the g++ linker (/usr/bin/ld -m elf_x86_64) supports shared libraries
configure:14856: result: yes
configure:14997: checking dynamic linker characteristics
configure:15665: result: GNU/Linux ld.so
configure:15718: checking how to hardcode library paths into programs
configure:15743: result: immediate
configure:15788: checking for stdlib.h
configure:15788: result: yes
configure:15788: checking for string.h
configure:15788: result: yes
configure:15788: checking glib.h usability
configure:15788: gcc -std=gnu99 -c -g -O2  conftest.c >&5
conftest.c:60:18: fatal error: glib.h: No such file or directory
 #include <glib.h>
                  ^
compilation terminated.
configure:15788: $? = 1
configure: failed program was:
| /* confdefs.h */
| #define PACKAGE_NAME "audacious-audacious-alt-plugins"
| #define PACKAGE_TARNAME "audacious-audacious-alt-plugins"
| #define PACKAGE_VERSION "0.0"
| #define PACKAGE_STRING "audacious-audacious-alt-plugins 0.0"
| #define PACKAGE_BUGREPORT "andrey@delfa.net"
| #define PACKAGE_URL ""
| #define PACKAGE "audacious-audacious-alt-plugins"
| #define VERSION "0.0"
| #define PACKAGE "audacious-audacious-alt-plugins"
| #define VERSION "0.0"
| #define STDC_HEADERS 1
| #define HAVE_SYS_TYPES_H 1
| #define HAVE_SYS_STAT_H 1
| #define HAVE_STDLIB_H 1
| #define HAVE_STRING_H 1
| #define HAVE_MEMORY_H 1
| #define HAVE_STRINGS_H 1
| #define HAVE_INTTYPES_H 1
| #define HAVE_STDINT_H 1
| #define HAVE_UNISTD_H 1
| #define HAVE_DLFCN_H 1
| #define LT_OBJDIR ".libs/"
| #define HAVE_STDLIB_H 1
| #define HAVE_STRING_H 1
| /* end confdefs.h.  */
| #include <stdio.h>
| #ifdef HAVE_SYS_TYPES_H
| # include <sys/types.h>
| #endif
| #ifdef HAVE_SYS_STAT_H
| # include <sys/stat.h>
| #endif
| #ifdef STDC_HEADERS
| # include <stdlib.h>
| # include <stddef.h>
| #else
| # ifdef HAVE_STDLIB_H
| #  include <stdlib.h>
| # endif
| #endif
| #ifdef HAVE_STRING_H
| # if !defined STDC_HEADERS && defined HAVE_MEMORY_H
| #  include <memory.h>
| # endif
| # include <string.h>
| #endif
| #ifdef HAVE_STRINGS_H
| # include <strings.h>
| #endif
| #ifdef HAVE_INTTYPES_H
| # include <inttypes.h>
| #endif
| #ifdef HAVE_STDINT_H
| # include <stdint.h>
| #endif
| #ifdef HAVE_UNISTD_H
| # include <unistd.h>
| #endif
| #include <glib.h>
configure:15788: result: no
configure:15788: checking glib.h presence
configure:15788: gcc -E  conftest.c
conftest.c:27:18: fatal error: glib.h: No such file or directory
 #include <glib.h>
                  ^
compilation terminated.
configure:15788: $? = 1
configure: failed program was:
| /* confdefs.h */
| #define PACKAGE_NAME "audacious-audacious-alt-plugins"
| #define PACKAGE_TARNAME "audacious-audacious-alt-plugins"
| #define PACKAGE_VERSION "0.0"
| #define PACKAGE_STRING "audacious-audacious-alt-plugins 0.0"
| #define PACKAGE_BUGREPORT "andrey@delfa.net"
| #define PACKAGE_URL ""
| #define PACKAGE "audacious-audacious-alt-plugins"
| #define VERSION "0.0"
| #define PACKAGE "audacious-audacious-alt-plugins"
| #define VERSION "0.0"
| #define STDC_HEADERS 1
| #define HAVE_SYS_TYPES_H 1
| #define HAVE_SYS_STAT_H 1
| #define HAVE_STDLIB_H 1
| #define HAVE_STRING_H 1
| #define HAVE_MEMORY_H 1
| #define HAVE_STRINGS_H 1
| #define HAVE_INTTYPES_H 1
| #define HAVE_STDINT_H 1
| #define HAVE_UNISTD_H 1
| #define HAVE_DLFCN_H 1
| #define LT_OBJDIR ".libs/"
| #define HAVE_STDLIB_H 1
| #define HAVE_STRING_H 1
| /* end confdefs.h.  */
| #include <glib.h>
configure:15788: result: no
configure:15788: checking for glib.h
configure:15788: result: no
configure:15800: checking for int32_t
configure:15800: gcc -std=gnu99 -c -g -O2  conftest.c >&5
configure:15800: $? = 0
configure:15800: gcc -std=gnu99 -c -g -O2  conftest.c >&5
conftest.c: In function 'main':
conftest.c:65:53: warning: integer overflow in expression [-Woverflow]
    < (int32_t) (((((int32_t) 1 << N) << N) - 1) * 2 + 2))];
                                                     ^
conftest.c:64:12: error: storage size of 'test_array' isn't constant
 static int test_array [1 - 2 * !((int32_t) (((((int32_t) 1 << N) << N) - 1) * 2 + 1)
            ^
configure:15800: $? = 1
configure: failed program was:
| /* confdefs.h */
| #define PACKAGE_NAME "audacious-audacious-alt-plugins"
| #define PACKAGE_TARNAME "audacious-audacious-alt-plugins"
| #define PACKAGE_VERSION "0.0"
| #define PACKAGE_STRING "audacious-audacious-alt-plugins 0.0"
| #define PACKAGE_BUGREPORT "andrey@delfa.net"
| #define PACKAGE_URL ""
| #define PACKAGE "audacious-audacious-alt-plugins"
| #define VERSION "0.0"
| #define PACKAGE "audacious-audacious-alt-plugins"
| #define VERSION "0.0"
| #define STDC_HEADERS 1
| #define HAVE_SYS_TYPES_H 1
| #define HAVE_SYS_STAT_H 1
| #define HAVE_STDLIB_H 1
| #define HAVE_STRING_H 1
| #define HAVE_MEMORY_H 1
| #define HAVE_STRINGS_H 1
| #define HAVE_INTTYPES_H 1
| #define HAVE_STDINT_H 1
| #define HAVE_UNISTD_H 1
| #define HAVE_DLFCN_H 1
| #define LT_OBJDIR ".libs/"
| #define HAVE_STDLIB_H 1
| #define HAVE_STRING_H 1
| /* end confdefs.h.  */
| #include <stdio.h>
| #ifdef HAVE_SYS_TYPES_H
| # include <sys/types.h>
| #endif
| #ifdef HAVE_SYS_STAT_H
| # include <sys/stat.h>
| #endif
| #ifdef STDC_HEADERS
| # include <stdlib.h>
| # include <stddef.h>
| #else
| # ifdef HAVE_STDLIB_H
| #  include <stdlib.h>
| # endif
| #endif
| #ifdef HAVE_STRING_H
| # if !defined STDC_HEADERS && defined HAVE_MEMORY_H
| #  include <memory.h>
| # endif
| # include <string.h>
| #endif
| #ifdef HAVE_STRINGS_H
| # include <strings.h>
| #endif
| #ifdef HAVE_INTTYPES_H
| # include <inttypes.h>
| #endif
| #ifdef HAVE_STDINT_H
| # include <stdint.h>
| #endif
| #ifdef HAVE_UNISTD_H
| # include <unistd.h>
| #endif
| 	        enum { N = 32 / 2 - 1 };
| int
| main ()
| {
| static int test_array [1 - 2 * !((int32_t) (((((int32_t) 1 << N) << N) - 1) * 2 + 1)
| 		 < (int32_t) (((((int32_t) 1 << N) << N) - 1) * 2 + 2))];
| test_array [0] = 0;
| return test_array [0];
| 
|   ;
|   return 0;
| }
configure:15800: result: yes
configure:15811: checking for int64_t
configure:15811: gcc -std=gnu99 -c -g -O2  conftest.c >&5
configure:15811: $? = 0
configure:15811: gcc -std=gnu99 -c -g -O2  conftest.c >&5
conftest.c: In function 'main':
conftest.c:65:53: warning: integer overflow in expression [-Woverflow]
    < (int64_t) (((((int64_t) 1 << N) << N) - 1) * 2 + 2))];
                                                     ^
conftest.c:64:12: error: storage size of 'test_array' isn't constant
 static int test_array [1 - 2 * !((int64_t) (((((int64_t) 1 << N) << N) - 1) * 2 + 1)
            ^
configure:15811: $? = 1
configure: failed program was:
| /* confdefs.h */
| #define PACKAGE_NAME "audacious-audacious-alt-plugins"
| #define PACKAGE_TARNAME "audacious-audacious-alt-plugins"
| #define PACKAGE_VERSION "0.0"
| #define PACKAGE_STRING "audacious-audacious-alt-plugins 0.0"
| #define PACKAGE_BUGREPORT "andrey@delfa.net"
| #define PACKAGE_URL ""
| #define PACKAGE "audacious-audacious-alt-plugins"
| #define VERSION "0.0"
| #define PACKAGE "audacious-audacious-alt-plugins"
| #define VERSION "0.0"
| #define STDC_HEADERS 1
| #define HAVE_SYS_TYPES_H 1
| #define HAVE_SYS_STAT_H 1
| #define HAVE_STDLIB_H 1
| #define HAVE_STRING_H 1
| #define HAVE_MEMORY_H 1
| #define HAVE_STRINGS_H 1
| #define HAVE_INTTYPES_H 1
| #define HAVE_STDINT_H 1
| #define HAVE_UNISTD_H 1
| #define HAVE_DLFCN_H 1
| #define LT_OBJDIR ".libs/"
| #define HAVE_STDLIB_H 1
| #define HAVE_STRING_H 1
| /* end confdefs.h.  */
| #include <stdio.h>
| #ifdef HAVE_SYS_TYPES_H
| # include <sys/types.h>
| #endif
| #ifdef HAVE_SYS_STAT_H
| # include <sys/stat.h>
| #endif
| #ifdef STDC_HEADERS
| # include <stdlib.h>
| # include <stddef.h>
| #else
| # ifdef HAVE_STDLIB_H
| #  include <stdlib.h>
| # endif
| #endif
| #ifdef HAVE_STRING_H
| # if !defined STDC_HEADERS && defined HAVE_MEMORY_H
| #  include <memory.h>
| # endif
| # include <string.h>
| #endif
| #ifdef HAVE_STRINGS_H
| # include <strings.h>
| #endif
| #ifdef HAVE_INTTYPES_H
| # include <inttypes.h>
| #endif
| #ifdef HAVE_STDINT_H
| # include <stdint.h>
| #endif
| #ifdef HAVE_UNISTD_H
| # include <unistd.h>
| #endif
| 	        enum { N = 64 / 2 - 1 };
| int
| main ()
| {
| static int test_array [1 - 2 * !((int64_t) (((((int64_t) 1 << N) << N) - 1) * 2 + 1)
| 		 < (int64_t) (((((int64_t) 1 << N) << N) - 1) * 2 + 2))];
| test_array [0] = 0;
| return test_array [0];
| 
|   ;
|   return 0;
| }
configure:15811: result: yes
configure:15822: checking for uint64_t
configure:15822: gcc -std=gnu99 -c -g -O2  conftest.c >&5
configure:15822: $? = 0
configure:15822: result: yes
configure:15840: checking for stdlib.h
configure:15840: result: yes
configure:15850: checking for GNU libc compatible malloc
configure:15874: gcc -std=gnu99 -o conftest -g -O2   conftest.c  >&5
configure:15874: $? = 0
configure:15874: ./conftest
configure:15874: $? = 0
configure:15884: result: yes
configure:15907: checking for stdlib.h
configure:15907: result: yes
configure:15917: checking for GNU libc compatible realloc
configure:15941: gcc -std=gnu99 -o conftest -g -O2   conftest.c  >&5
configure:15941: $? = 0
configure:15941: ./conftest
configure:15941: $? = 0
configure:15951: result: yes
configure:16085: checking that generated files are newer than configure
configure:16091: result: done
configure:16118: creating ./config.status

## ---------------------- ##
## Running config.status. ##
## ---------------------- ##

This file was extended by audacious-audacious-alt-plugins config.status 0.0, which was
generated by GNU Autoconf 2.69.  Invocation command line was

  CONFIG_FILES    = 
  CONFIG_HEADERS  = 
  CONFIG_LINKS    = 
  CONFIG_COMMANDS = 
  $ ./config.status 

on andrey-Inspiron-7520

config.status:1161: creating Makefile
config.status:1161: creating src/Makefile
config.status:1161: creating src/autocue/Makefile
config.status:1161: creating src/libape/Makefile
config.status:1161: creating config.h
config.status:1390: executing depfiles commands
config.status:1390: executing libtool commands

## ---------------- ##
## Cache variables. ##
## ---------------- ##

ac_cv_build=x86_64-unknown-linux-gnu
ac_cv_c_compiler_gnu=yes
ac_cv_c_int32_t=yes
ac_cv_c_int64_t=yes
ac_cv_c_uint64_t=yes
ac_cv_cxx_compiler_gnu=yes
ac_cv_env_CCC_set=
ac_cv_env_CCC_value=
ac_cv_env_CC_set=
ac_cv_env_CC_value=
ac_cv_env_CFLAGS_set=
ac_cv_env_CFLAGS_value=
ac_cv_env_CPPFLAGS_set=
ac_cv_env_CPPFLAGS_value=
ac_cv_env_CPP_set=
ac_cv_env_CPP_value=
ac_cv_env_CXXCPP_set=
ac_cv_env_CXXCPP_value=
ac_cv_env_CXXFLAGS_set=
ac_cv_env_CXXFLAGS_value=
ac_cv_env_CXX_set=
ac_cv_env_CXX_value=
ac_cv_env_DEPS_CFLAGS_set=
ac_cv_env_DEPS_CFLAGS_value=
ac_cv_env_DEPS_LIBS_set=
ac_cv_env_DEPS_LIBS_value=
ac_cv_env_LDFLAGS_set=
ac_cv_env_LDFLAGS_value=
ac_cv_env_LIBS_set=
ac_cv_env_LIBS_value=
ac_cv_env_MACLIB_CFLAGS_set=
ac_cv_env_MACLIB_CFLAGS_value=
ac_cv_env_MACLIB_LIBS_set=
ac_cv_env_MACLIB_LIBS_value=
ac_cv_env_PKG_CONFIG_LIBDIR_set=
ac_cv_env_PKG_CONFIG_LIBDIR_value=
ac_cv_env_PKG_CONFIG_PATH_set=
ac_cv_env_PKG_CONFIG_PATH_value=
ac_cv_env_PKG_CONFIG_set=
ac_cv_env_PKG_CONFIG_value=
ac_cv_env_build_alias_set=
ac_cv_env_build_alias_value=
ac_cv_env_host_alias_set=
ac_cv_env_host_alias_value=
ac_cv_env_target_alias_set=
ac_cv_env_target_alias_value=
ac_cv_func_malloc_0_nonnull=yes
ac_cv_func_realloc_0_nonnull=yes
ac_cv_header_dlfcn_h=yes
ac_cv_header_glib_h=no
ac_cv_header_inttypes_h=yes
ac_cv_header_memory_h=yes
ac_cv_header_stdc=yes
ac_cv_header_stdint_h=yes
ac_cv_header_stdlib_h=yes
ac_cv_header_string_h=yes
ac_cv_header_strings_h=yes
ac_cv_header_sys_stat_h=yes
ac_cv_header_sys_types_h=yes
ac_cv_header_unistd_h=yes
ac_cv_host=x86_64-unknown-linux-gnu
ac_cv_objext=o
ac_cv_path_EGREP='/bin/grep -E'
ac_cv_path_FGREP='/bin/grep -F'
ac_cv_path_GREP=/bin/grep
ac_cv_path_SED=/bin/sed
ac_cv_path_ac_pt_PKG_CONFIG=/usr/bin/pkg-config
ac_cv_path_install='/usr/bin/install -c'
ac_cv_path_mkdir=/bin/mkdir
ac_cv_prog_AWK=mawk
ac_cv_prog_CPP='gcc -E'
ac_cv_prog_CXXCPP='g++ -E'
ac_cv_prog_ac_ct_AR=ar
ac_cv_prog_ac_ct_CC=gcc
ac_cv_prog_ac_ct_CXX=g++
ac_cv_prog_ac_ct_MANIFEST_TOOL=mt
ac_cv_prog_ac_ct_OBJDUMP=objdump
ac_cv_prog_ac_ct_RANLIB=ranlib
ac_cv_prog_ac_ct_STRIP=strip
ac_cv_prog_cc_c89=
ac_cv_prog_cc_c99=-std=gnu99
ac_cv_prog_cc_g=yes
ac_cv_prog_cxx_g=yes
ac_cv_prog_make_make_set=yes
am_cv_CC_dependencies_compiler_type=gcc3
am_cv_CXX_dependencies_compiler_type=gcc3
am_cv_make_support_nested_variables=yes
am_cv_prog_cc_c_o=yes
lt_cv_ar_at_file=@
lt_cv_archive_cmds_need_lc=no
lt_cv_deplibs_check_method=pass_all
lt_cv_file_magic_cmd='$MAGIC_CMD'
lt_cv_file_magic_test_file=
lt_cv_ld_reload_flag=-r
lt_cv_nm_interface='BSD nm'
lt_cv_objdir=.libs
lt_cv_path_LD=/usr/bin/ld
lt_cv_path_LDCXX='/usr/bin/ld -m elf_x86_64'
lt_cv_path_NM='/usr/bin/nm -B'
lt_cv_path_mainfest_tool=no
lt_cv_prog_compiler_c_o=yes
lt_cv_prog_compiler_c_o_CXX=yes
lt_cv_prog_compiler_pic='-fPIC -DPIC'
lt_cv_prog_compiler_pic_CXX='-fPIC -DPIC'
lt_cv_prog_compiler_pic_works=yes
lt_cv_prog_compiler_pic_works_CXX=yes
lt_cv_prog_compiler_rtti_exceptions=no
lt_cv_prog_compiler_static_works=yes
lt_cv_prog_compiler_static_works_CXX=yes
lt_cv_prog_gnu_ld=yes
lt_cv_prog_gnu_ldcxx=yes
lt_cv_sharedlib_from_linklib_cmd='printf %s\n'
lt_cv_shlibpath_overrides_runpath=no
lt_cv_sys_global_symbol_pipe='sed -n -e '\''s/^.*[	 ]\([ABCDGIRSTW][ABCDGIRSTW]*\)[	 ][	 ]*\([_A-Za-z][_A-Za-z0-9]*\)$/\1 \2 \2/p'\'' | sed '\''/ __gnu_lto/d'\'''
lt_cv_sys_global_symbol_to_c_name_address='sed -n -e '\''s/^: \([^ ]*\)[ ]*$/  {\"\1\", (void *) 0},/p'\'' -e '\''s/^[ABCDGIRSTW]* \([^ ]*\) \([^ ]*\)$/  {"\2", (void *) \&\2},/p'\'''
lt_cv_sys_global_symbol_to_c_name_address_lib_prefix='sed -n -e '\''s/^: \([^ ]*\)[ ]*$/  {\"\1\", (void *) 0},/p'\'' -e '\''s/^[ABCDGIRSTW]* \([^ ]*\) \(lib[^ ]*\)$/  {"\2", (void *) \&\2},/p'\'' -e '\''s/^[ABCDGIRSTW]* \([^ ]*\) \([^ ]*\)$/  {"lib\2", (void *) \&\2},/p'\'''
lt_cv_sys_global_symbol_to_cdecl='sed -n -e '\''s/^T .* \(.*\)$/extern int \1();/p'\'' -e '\''s/^[ABCDGIRSTW]* .* \(.*\)$/extern char \1;/p'\'''
lt_cv_sys_max_cmd_len=1572864
lt_cv_to_host_file_cmd=func_convert_file_noop
lt_cv_to_tool_file_cmd=func_convert_file_noop
pkg_cv_DEPS_CFLAGS='-I/usr/include/glib-2.0 -I/usr/lib/x86_64-linux-gnu/glib-2.0/include  '
pkg_cv_DEPS_LIBS='-lglib-2.0 -laudcore -laudgui  '
pkg_cv_MACLIB_CFLAGS='-I/usr/include/mac  '
pkg_cv_MACLIB_LIBS='-lmaclib  '

## ----------------- ##
## Output variables. ##
## ----------------- ##

ACLOCAL='${SHELL} /home/andrey/Projects/Audacious/3.4.x/audacious-alt-plugins/missing aclocal-1.14'
AMDEPBACKSLASH='\'
AMDEP_FALSE='#'
AMDEP_TRUE=''
AMTAR='$${TAR-tar}'
AM_BACKSLASH='\'
AM_DEFAULT_V='$(AM_DEFAULT_VERBOSITY)'
AM_DEFAULT_VERBOSITY='1'
AM_V='$(V)'
AR='ar'
AUTOCONF='${SHELL} /home/andrey/Projects/Audacious/3.4.x/audacious-alt-plugins/missing autoconf'
AUTOHEADER='${SHELL} /home/andrey/Projects/Audacious/3.4.x/audacious-alt-plugins/missing autoheader'
AUTOMAKE='${SHELL} /home/andrey/Projects/Audacious/3.4.x/audacious-alt-plugins/missing automake-1.14'
AWK='mawk'
CC='gcc -std=gnu99'
CCDEPMODE='depmode=gcc3'
CFLAGS='-g -O2'
CPP='gcc -E'
CPPFLAGS=''
CXX='g++'
CXXCPP='g++ -E'
CXXDEPMODE='depmode=gcc3'
CXXFLAGS='-g -O2'
CYGPATH_W='echo'
DEFS='-DHAVE_CONFIG_H'
DEPDIR='.deps'
DEPS_CFLAGS='-I/usr/include/glib-2.0 -I/usr/lib/x86_64-linux-gnu/glib-2.0/include  '
DEPS_LIBS='-lglib-2.0 -laudcore -laudgui  '
DLLTOOL='false'
DSYMUTIL=''
DUMPBIN=''
ECHO_C=''
ECHO_N='-n'
ECHO_T=''
EGREP='/bin/grep -E'
EXEEXT=''
FGREP='/bin/grep -F'
GREP='/bin/grep'
INSTALL_DATA='${INSTALL} -m 644'
INSTALL_PROGRAM='${INSTALL}'
INSTALL_SCRIPT='${INSTALL}'
INSTALL_STRIP_PROGRAM='$(install_sh) -c -s'
LD='/usr/bin/ld -m elf_x86_64'
LDFLAGS=''
LIBOBJS=''
LIBS=''
LIBTOOL='$(SHELL) $(top_builddir)/libtool'
LIPO=''
LN_S='ln -s'
LTLIBOBJS=''
MACLIB_CFLAGS='-I/usr/include/mac  '
MACLIB_LIBS='-lmaclib  '
MAKEINFO='${SHELL} /home/andrey/Projects/Audacious/3.4.x/audacious-alt-plugins/missing makeinfo'
MANIFEST_TOOL=':'
MKDIR_P='/bin/mkdir -p'
NM='/usr/bin/nm -B'
NMEDIT=''
OBJDUMP='objdump'
OBJEXT='o'
OTOOL64=''
OTOOL=''
PACKAGE='audacious-audacious-alt-plugins'
PACKAGE_BUGREPORT='andrey@delfa.net'
PACKAGE_NAME='audacious-audacious-alt-plugins'
PACKAGE_STRING='audacious-audacious-alt-plugins 0.0'
PACKAGE_TARNAME='audacious-audacious-alt-plugins'
PACKAGE_URL=''
PACKAGE_VERSION='0.0'
PATH_SEPARATOR=':'
PKG_CONFIG='/usr/bin/pkg-config'
PKG_CONFIG_LIBDIR=''
PKG_CONFIG_PATH=''
RANLIB='ranlib'
SED='/bin/sed'
SET_MAKE=''
SHELL='/bin/bash'
STRIP='strip'
VERSION='0.0'
ac_ct_AR='ar'
ac_ct_CC='gcc'
ac_ct_CXX='g++'
ac_ct_DUMPBIN=''
am__EXEEXT_FALSE=''
am__EXEEXT_TRUE='#'
am__fastdepCC_FALSE='#'
am__fastdepCC_TRUE=''
am__fastdepCXX_FALSE='#'
am__fastdepCXX_TRUE=''
am__include='include'
am__isrc=''
am__leading_dot='.'
am__nodep='_no'
am__quote=''
am__tar='$${TAR-tar} chof - "$$tardir"'
am__untar='$${TAR-tar} xf -'
bindir='${exec_prefix}/bin'
build='x86_64-unknown-linux-gnu'
build_alias=''
build_cpu='x86_64'
build_os='linux-gnu'
build_vendor='unknown'
datadir='${datarootdir}'
datarootdir='${prefix}/share'
docdir='${datarootdir}/doc/${PACKAGE_TARNAME}'
dvidir='${docdir}'
exec_prefix='${prefix}'
host='x86_64-unknown-linux-gnu'
host_alias=''
host_cpu='x86_64'
host_os='linux-gnu'
host_vendor='unknown'
htmldir='${docdir}'
includedir='${prefix}/include'
infodir='${datarootdir}/info'
install_sh='${SHELL} /home/andrey/Projects/Audacious/3.4.x/audacious-alt-plugins/install-sh'
libdir='${exec_prefix}/lib'
libexecdir='${exec_prefix}/libexec'
localedir='${datarootdir}/locale'
localstatedir='${prefix}/var'
mandir='${datarootdir}/man'
mkdir_p='$(MKDIR_P)'
oldincludedir='/usr/include'
pdfdir='${docdir}'
prefix='/usr'
program_transform_name='s,x,x,'
psdir='${docdir}'
sbindir='${exec_prefix}/sbin'
sharedstatedir='${prefix}/com'
sysconfdir='${prefix}/etc'
target_alias=''

## ----------- ##
## confdefs.h. ##
## ----------- ##

/* confdefs.h */
#define PACKAGE_NAME "audacious-audacious-alt-plugins"
#define PACKAGE_TARNAME "audacious-audacious-alt-plugins"
#define PACKAGE_VERSION "0.0"
#define PACKAGE_STRING "audacious-audacious-alt-plugins 0.0"
#define PACKAGE_BUGREPORT "andrey@delfa.net"
#define PACKAGE_URL ""
#define PACKAGE "audacious-audacious-alt-plugins"
#define VERSION "0.0"
#define PACKAGE "audacious-audacious-alt-plugins"
#define VERSION "0.0"
#define STDC_HEADERS 1
#define HAVE_SYS_TYPES_H 1
#define HAVE_SYS_STAT_H 1
#define HAVE_STDLIB_H 1
#define HAVE_STRING_H 1
#define HAVE_MEMORY_H 1
#define HAVE_STRINGS_H 1
#define HAVE_INTTYPES_H 1
#define HAVE_STDINT_H 1
#define HAVE_UNISTD_H 1
#define HAVE_DLFCN_H 1
#define LT_OBJDIR ".libs/"
#define HAVE_STDLIB_H 1
#define HAVE_STRING_H 1
#define HAVE_STDLIB_H 1
#define HAVE_MALLOC 1
#define HAVE_STDLIB_H 1
#define HAVE_REALLOC 1

configure: exit 0

## ---------------------- ##
## Running config.status. ##
## ---------------------- ##

This file was extended by audacious-audacious-alt-plugins config.status 0.0, which was
generated by GNU Autoconf 2.69.  Invocation command line was

  CONFIG_FILES    = 
  CONFIG_HEADERS  = 
  CONFIG_LINKS    = 
  CONFIG_COMMANDS = 
  $ ./config.status config.h

on andrey-Inspiron-7520

config.status:1161: creating config.h
config.status:1342: config.h is unchanged
